2017-12-01 18:10:55 PDOException: SQLSTATE[HY000] [1049] Unknown database 'test' in D:\Projects\ThinkWorker\vendor\illuminate\database\Connectors\Connector.php:67
Stack trace:
#0 D:\Projects\ThinkWorker\vendor\illuminate\database\Connectors\Connector.php(67): PDO->__construct('mysql:host=loca...', 'root', 'root', Array)
#1 D:\Projects\ThinkWorker\vendor\illuminate\database\Connectors\Connector.php(42): Illuminate\Database\Connectors\Connector->createPdoConnection('mysql:host=loca...', 'root', 'root', Array)
#2 D:\Projects\ThinkWorker\vendor\illuminate\database\Connectors\MySqlConnector.php(24): Illuminate\Database\Connectors\Connector->createConnection('mysql:host=loca...', Array, Array)
#3 D:\Projects\ThinkWorker\vendor\illuminate\database\Connectors\ConnectionFactory.php(183): Illuminate\Database\Connectors\MySqlConnector->connect(Array)
#4 [internal function]: Illuminate\Database\Connectors\ConnectionFactory->Illuminate\Database\Connectors\{closure}()
#5 D:\Projects\ThinkWorker\vendor\illuminate\database\Connection.php(915): call_user_func(Object(Closure))
#6 D:\Projects\ThinkWorker\vendor\illuminate\database\Connection.php(940): Illuminate\Database\Connection->getPdo()
#7 D:\Projects\ThinkWorker\vendor\illuminate\database\Connection.php(399): Illuminate\Database\Connection->getReadPdo()
#8 D:\Projects\ThinkWorker\vendor\illuminate\database\Connection.php(325): Illuminate\Database\Connection->getPdoForSelect(true)
#9 D:\Projects\ThinkWorker\vendor\illuminate\database\Connection.php(657): Illuminate\Database\Connection->Illuminate\Database\{closure}('select * from `...', Array)
#10 D:\Projects\ThinkWorker\vendor\illuminate\database\Connection.php(624): Illuminate\Database\Connection->runQueryCallback('select * from `...', Array, Object(Closure))
#11 D:\Projects\ThinkWorker\vendor\illuminate\database\Connection.php(333): Illuminate\Database\Connection->run('select * from `...', Array, Object(Closure))
#12 D:\Projects\ThinkWorker\vendor\illuminate\database\Query\Builder.php(1705): Illuminate\Database\Connection->select('select * from `...', Array, true)
#13 D:\Projects\ThinkWorker\vendor\illuminate\database\Query\Builder.php(1690): Illuminate\Database\Query\Builder->runSelect()
#14 D:\Projects\ThinkWorker\vendor\illuminate\database\Concerns\BuildsQueries.php(77): Illuminate\Database\Query\Builder->get(Array)
#15 D:\Projects\ThinkWorker\vendor\illuminate\database\Query\Builder.php(1660): Illuminate\Database\Query\Builder->first(Array)
#16 D:\Projects\ThinkWorker\app\demo\controller\Index.php(33): Illuminate\Database\Query\Builder->find(1)
#17 D:\Projects\ThinkWorker\thinkcore\lib\think\Dispatcher.php(90): app\demo\controller\Index->hatest(Object(think\Request), Object(think\Response))
#18 D:\Projects\ThinkWorker\thinkcore\lib\think\Dispatcher.php(32): think\Dispatcher::toController(Object(app\demo\controller\Index), Object(think\Request), Object(think\Response))
#19 D:\Projects\ThinkWorker\thinkcore\lib\think\Server.php(88): think\Dispatcher::dispatch('demo/index/hate...', Object(think\Request), Object(think\Response))
#20 D:\Projects\ThinkWorker\thinkcore\lib\think\Server.php(61): think\Server::onMessage(Object(Workerman\Connection\TcpConnection), Array)
#21 [internal function]: think\Server::think\{closure}(Object(Workerman\Connection\TcpConnection), Array)
#22 D:\Projects\ThinkWorker\thinkcore\lib\workerman\Connection\TcpConnection.php(632): call_user_func(Object(Closure), Object(Workerman\Connection\TcpConnection), Array)
#23 [internal function]: Workerman\Connection\TcpConnection->baseRead(Resource id #63)
#24 D:\Projects\ThinkWorker\thinkcore\lib\workerman\Events\Select.php(286): call_user_func_array(Array, Array)
#25 D:\Projects\ThinkWorker\thinkcore\lib\workerman\Worker.php(856): Workerman\Events\Select->loop()
#26 D:\Projects\ThinkWorker\thinkcore\lib\workerman\Worker.php(473): Workerman\Worker->run()
#27 D:\Projects\ThinkWorker\thinkcore\lib\workerman\Worker.php(382): Workerman\Worker::runAllWorkers()
#28 D:\Projects\ThinkWorker\thinkcore\lib\think\Server.php(105): Workerman\Worker::runAll()
#29 D:\Projects\ThinkWorker\thinkcore\base.php(80): think\Server::run()
#30 D:\Projects\ThinkWorker\thinkcore\start.php(10): require('D:\\Projects\\Thi...')
#31 D:\Projects\ThinkWorker\start.php(13): require('D:\\Projects\\Thi...')
#32 {main}

Next Illuminate\Database\QueryException: SQLSTATE[HY000] [1049] Unknown database 'test' (SQL: select * from `user` where `id` = 1 limit 1) in D:\Projects\ThinkWorker\vendor\illuminate\database\Connection.php:664
Stack trace:
#0 D:\Projects\ThinkWorker\vendor\illuminate\database\Connection.php(624): Illuminate\Database\Connection->runQueryCallback('select * from `...', Array, Object(Closure))
#1 D:\Projects\ThinkWorker\vendor\illuminate\database\Connection.php(333): Illuminate\Database\Connection->run('select * from `...', Array, Object(Closure))
#2 D:\Projects\ThinkWorker\vendor\illuminate\database\Query\Builder.php(1705): Illuminate\Database\Connection->select('select * from `...', Array, true)
#3 D:\Projects\ThinkWorker\vendor\illuminate\database\Query\Builder.php(1690): Illuminate\Database\Query\Builder->runSelect()
#4 D:\Projects\ThinkWorker\vendor\illuminate\database\Concerns\BuildsQueries.php(77): Illuminate\Database\Query\Builder->get(Array)
#5 D:\Projects\ThinkWorker\vendor\illuminate\database\Query\Builder.php(1660): Illuminate\Database\Query\Builder->first(Array)
#6 D:\Projects\ThinkWorker\app\demo\controller\Index.php(33): Illuminate\Database\Query\Builder->find(1)
#7 D:\Projects\ThinkWorker\thinkcore\lib\think\Dispatcher.php(90): app\demo\controller\Index->hatest(Object(think\Request), Object(think\Response))
#8 D:\Projects\ThinkWorker\thinkcore\lib\think\Dispatcher.php(32): think\Dispatcher::toController(Object(app\demo\controller\Index), Object(think\Request), Object(think\Response))
#9 D:\Projects\ThinkWorker\thinkcore\lib\think\Server.php(88): think\Dispatcher::dispatch('demo/index/hate...', Object(think\Request), Object(think\Response))
#10 D:\Projects\ThinkWorker\thinkcore\lib\think\Server.php(61): think\Server::onMessage(Object(Workerman\Connection\TcpConnection), Array)
#11 [internal function]: think\Server::think\{closure}(Object(Workerman\Connection\TcpConnection), Array)
#12 D:\Projects\ThinkWorker\thinkcore\lib\workerman\Connection\TcpConnection.php(632): call_user_func(Object(Closure), Object(Workerman\Connection\TcpConnection), Array)
#13 [internal function]: Workerman\Connection\TcpConnection->baseRead(Resource id #63)
#14 D:\Projects\ThinkWorker\thinkcore\lib\workerman\Events\Select.php(286): call_user_func_array(Array, Array)
#15 D:\Projects\ThinkWorker\thinkcore\lib\workerman\Worker.php(856): Workerman\Events\Select->loop()
#16 D:\Projects\ThinkWorker\thinkcore\lib\workerman\Worker.php(473): Workerman\Worker->run()
#17 D:\Projects\ThinkWorker\thinkcore\lib\workerman\Worker.php(382): Workerman\Worker::runAllWorkers()
#18 D:\Projects\ThinkWorker\thinkcore\lib\think\Server.php(105): Workerman\Worker::runAll()
#19 D:\Projects\ThinkWorker\thinkcore\base.php(80): think\Server::run()
#20 D:\Projects\ThinkWorker\thinkcore\start.php(10): require('D:\\Projects\\Thi...')
#21 D:\Projects\ThinkWorker\start.php(13): require('D:\\Projects\\Thi...')
#22 {main}
2017-12-01 18:15:43 PDOException: SQLSTATE[HY000] [1049] Unknown database 'test' in D:\Projects\ThinkWorker\vendor\illuminate\database\Connectors\Connector.php:67
Stack trace:
#0 D:\Projects\ThinkWorker\vendor\illuminate\database\Connectors\Connector.php(67): PDO->__construct('mysql:host=loca...', 'root', 'root', Array)
#1 D:\Projects\ThinkWorker\vendor\illuminate\database\Connectors\Connector.php(42): Illuminate\Database\Connectors\Connector->createPdoConnection('mysql:host=loca...', 'root', 'root', Array)
#2 D:\Projects\ThinkWorker\vendor\illuminate\database\Connectors\MySqlConnector.php(24): Illuminate\Database\Connectors\Connector->createConnection('mysql:host=loca...', Array, Array)
#3 D:\Projects\ThinkWorker\vendor\illuminate\database\Connectors\ConnectionFactory.php(183): Illuminate\Database\Connectors\MySqlConnector->connect(Array)
#4 [internal function]: Illuminate\Database\Connectors\ConnectionFactory->Illuminate\Database\Connectors\{closure}()
#5 D:\Projects\ThinkWorker\vendor\illuminate\database\Connection.php(915): call_user_func(Object(Closure))
#6 D:\Projects\ThinkWorker\vendor\illuminate\database\Connection.php(940): Illuminate\Database\Connection->getPdo()
#7 D:\Projects\ThinkWorker\vendor\illuminate\database\Connection.php(399): Illuminate\Database\Connection->getReadPdo()
#8 D:\Projects\ThinkWorker\vendor\illuminate\database\Connection.php(325): Illuminate\Database\Connection->getPdoForSelect(true)
#9 D:\Projects\ThinkWorker\vendor\illuminate\database\Connection.php(657): Illuminate\Database\Connection->Illuminate\Database\{closure}('select * from `...', Array)
#10 D:\Projects\ThinkWorker\vendor\illuminate\database\Connection.php(624): Illuminate\Database\Connection->runQueryCallback('select * from `...', Array, Object(Closure))
#11 D:\Projects\ThinkWorker\vendor\illuminate\database\Connection.php(333): Illuminate\Database\Connection->run('select * from `...', Array, Object(Closure))
#12 D:\Projects\ThinkWorker\vendor\illuminate\database\Query\Builder.php(1705): Illuminate\Database\Connection->select('select * from `...', Array, true)
#13 D:\Projects\ThinkWorker\vendor\illuminate\database\Query\Builder.php(1690): Illuminate\Database\Query\Builder->runSelect()
#14 D:\Projects\ThinkWorker\vendor\illuminate\database\Concerns\BuildsQueries.php(77): Illuminate\Database\Query\Builder->get(Array)
#15 D:\Projects\ThinkWorker\vendor\illuminate\database\Query\Builder.php(1660): Illuminate\Database\Query\Builder->first(Array)
#16 D:\Projects\ThinkWorker\app\demo\controller\Index.php(33): Illuminate\Database\Query\Builder->find(1)
#17 D:\Projects\ThinkWorker\thinkcore\lib\think\Dispatcher.php(94): app\demo\controller\Index->hatest(Object(think\Request), Object(think\Response))
#18 D:\Projects\ThinkWorker\thinkcore\lib\think\Dispatcher.php(32): think\Dispatcher::toController(Object(app\demo\controller\Index), Object(think\Request), Object(think\Response))
#19 D:\Projects\ThinkWorker\thinkcore\lib\think\Server.php(88): think\Dispatcher::dispatch('demo/index/hate...', Object(think\Request), Object(think\Response))
#20 D:\Projects\ThinkWorker\thinkcore\lib\think\Server.php(61): think\Server::onMessage(Object(Workerman\Connection\TcpConnection), Array)
#21 [internal function]: think\Server::think\{closure}(Object(Workerman\Connection\TcpConnection), Array)
#22 D:\Projects\ThinkWorker\thinkcore\lib\workerman\Connection\TcpConnection.php(632): call_user_func(Object(Closure), Object(Workerman\Connection\TcpConnection), Array)
#23 [internal function]: Workerman\Connection\TcpConnection->baseRead(Resource id #63)
#24 D:\Projects\ThinkWorker\thinkcore\lib\workerman\Events\Select.php(286): call_user_func_array(Array, Array)
#25 D:\Projects\ThinkWorker\thinkcore\lib\workerman\Worker.php(856): Workerman\Events\Select->loop()
#26 D:\Projects\ThinkWorker\thinkcore\lib\workerman\Worker.php(473): Workerman\Worker->run()
#27 D:\Projects\ThinkWorker\thinkcore\lib\workerman\Worker.php(382): Workerman\Worker::runAllWorkers()
#28 D:\Projects\ThinkWorker\thinkcore\lib\think\Server.php(105): Workerman\Worker::runAll()
#29 D:\Projects\ThinkWorker\thinkcore\base.php(80): think\Server::run()
#30 D:\Projects\ThinkWorker\thinkcore\start.php(10): require('D:\\Projects\\Thi...')
#31 D:\Projects\ThinkWorker\start.php(13): require('D:\\Projects\\Thi...')
#32 {main}

Next Illuminate\Database\QueryException: SQLSTATE[HY000] [1049] Unknown database 'test' (SQL: select * from `user` where `id` = 1 limit 1) in D:\Projects\ThinkWorker\vendor\illuminate\database\Connection.php:664
Stack trace:
#0 D:\Projects\ThinkWorker\vendor\illuminate\database\Connection.php(624): Illuminate\Database\Connection->runQueryCallback('select * from `...', Array, Object(Closure))
#1 D:\Projects\ThinkWorker\vendor\illuminate\database\Connection.php(333): Illuminate\Database\Connection->run('select * from `...', Array, Object(Closure))
#2 D:\Projects\ThinkWorker\vendor\illuminate\database\Query\Builder.php(1705): Illuminate\Database\Connection->select('select * from `...', Array, true)
#3 D:\Projects\ThinkWorker\vendor\illuminate\database\Query\Builder.php(1690): Illuminate\Database\Query\Builder->runSelect()
#4 D:\Projects\ThinkWorker\vendor\illuminate\database\Concerns\BuildsQueries.php(77): Illuminate\Database\Query\Builder->get(Array)
#5 D:\Projects\ThinkWorker\vendor\illuminate\database\Query\Builder.php(1660): Illuminate\Database\Query\Builder->first(Array)
#6 D:\Projects\ThinkWorker\app\demo\controller\Index.php(33): Illuminate\Database\Query\Builder->find(1)
#7 D:\Projects\ThinkWorker\thinkcore\lib\think\Dispatcher.php(94): app\demo\controller\Index->hatest(Object(think\Request), Object(think\Response))
#8 D:\Projects\ThinkWorker\thinkcore\lib\think\Dispatcher.php(32): think\Dispatcher::toController(Object(app\demo\controller\Index), Object(think\Request), Object(think\Response))
#9 D:\Projects\ThinkWorker\thinkcore\lib\think\Server.php(88): think\Dispatcher::dispatch('demo/index/hate...', Object(think\Request), Object(think\Response))
#10 D:\Projects\ThinkWorker\thinkcore\lib\think\Server.php(61): think\Server::onMessage(Object(Workerman\Connection\TcpConnection), Array)
#11 [internal function]: think\Server::think\{closure}(Object(Workerman\Connection\TcpConnection), Array)
#12 D:\Projects\ThinkWorker\thinkcore\lib\workerman\Connection\TcpConnection.php(632): call_user_func(Object(Closure), Object(Workerman\Connection\TcpConnection), Array)
#13 [internal function]: Workerman\Connection\TcpConnection->baseRead(Resource id #63)
#14 D:\Projects\ThinkWorker\thinkcore\lib\workerman\Events\Select.php(286): call_user_func_array(Array, Array)
#15 D:\Projects\ThinkWorker\thinkcore\lib\workerman\Worker.php(856): Workerman\Events\Select->loop()
#16 D:\Projects\ThinkWorker\thinkcore\lib\workerman\Worker.php(473): Workerman\Worker->run()
#17 D:\Projects\ThinkWorker\thinkcore\lib\workerman\Worker.php(382): Workerman\Worker::runAllWorkers()
#18 D:\Projects\ThinkWorker\thinkcore\lib\think\Server.php(105): Workerman\Worker::runAll()
#19 D:\Projects\ThinkWorker\thinkcore\base.php(80): think\Server::run()
#20 D:\Projects\ThinkWorker\thinkcore\start.php(10): require('D:\\Projects\\Thi...')
#21 D:\Projects\ThinkWorker\start.php(13): require('D:\\Projects\\Thi...')
#22 {main}
2017-12-01 20:55:48 PDOException: SQLSTATE[HY000] [2002] 由于目标计算机积极拒绝，无法连接。
 in D:\Projects\ThinkWorker\vendor\illuminate\database\Connectors\Connector.php:67
Stack trace:
#0 D:\Projects\ThinkWorker\vendor\illuminate\database\Connectors\Connector.php(67): PDO->__construct('mysql:host=loca...', 'root', 'root', Array)
#1 D:\Projects\ThinkWorker\vendor\illuminate\database\Connectors\Connector.php(42): Illuminate\Database\Connectors\Connector->createPdoConnection('mysql:host=loca...', 'root', 'root', Array)
#2 D:\Projects\ThinkWorker\vendor\illuminate\database\Connectors\MySqlConnector.php(24): Illuminate\Database\Connectors\Connector->createConnection('mysql:host=loca...', Array, Array)
#3 D:\Projects\ThinkWorker\vendor\illuminate\database\Connectors\ConnectionFactory.php(183): Illuminate\Database\Connectors\MySqlConnector->connect(Array)
#4 [internal function]: Illuminate\Database\Connectors\ConnectionFactory->Illuminate\Database\Connectors\{closure}()
#5 D:\Projects\ThinkWorker\vendor\illuminate\database\Connection.php(915): call_user_func(Object(Closure))
#6 D:\Projects\ThinkWorker\vendor\illuminate\database\Connection.php(940): Illuminate\Database\Connection->getPdo()
#7 D:\Projects\ThinkWorker\vendor\illuminate\database\Connection.php(399): Illuminate\Database\Connection->getReadPdo()
#8 D:\Projects\ThinkWorker\vendor\illuminate\database\Connection.php(325): Illuminate\Database\Connection->getPdoForSelect(true)
#9 D:\Projects\ThinkWorker\vendor\illuminate\database\Connection.php(657): Illuminate\Database\Connection->Illuminate\Database\{closure}('select * from `...', Array)
#10 D:\Projects\ThinkWorker\vendor\illuminate\database\Connection.php(624): Illuminate\Database\Connection->runQueryCallback('select * from `...', Array, Object(Closure))
#11 D:\Projects\ThinkWorker\vendor\illuminate\database\Connection.php(333): Illuminate\Database\Connection->run('select * from `...', Array, Object(Closure))
#12 D:\Projects\ThinkWorker\vendor\illuminate\database\Query\Builder.php(1705): Illuminate\Database\Connection->select('select * from `...', Array, true)
#13 D:\Projects\ThinkWorker\vendor\illuminate\database\Query\Builder.php(1690): Illuminate\Database\Query\Builder->runSelect()
#14 D:\Projects\ThinkWorker\vendor\illuminate\database\Concerns\BuildsQueries.php(77): Illuminate\Database\Query\Builder->get(Array)
#15 D:\Projects\ThinkWorker\vendor\illuminate\database\Query\Builder.php(1660): Illuminate\Database\Query\Builder->first(Array)
#16 D:\Projects\ThinkWorker\app\demo\controller\Index.php(35): Illuminate\Database\Query\Builder->find(1)
#17 D:\Projects\ThinkWorker\thinkcore\lib\think\Dispatcher.php(93): app\demo\controller\Index->hatest(Object(think\Request), Object(think\Response))
#18 D:\Projects\ThinkWorker\thinkcore\lib\think\Dispatcher.php(32): think\Dispatcher::toController(Object(app\demo\controller\Index), Object(think\Request), Object(think\Response))
#19 D:\Projects\ThinkWorker\thinkcore\lib\think\Server.php(88): think\Dispatcher::dispatch('demo/index/hate...', Object(think\Request), Object(think\Response))
#20 D:\Projects\ThinkWorker\thinkcore\lib\think\Server.php(61): think\Server::onMessage(Object(Workerman\Connection\TcpConnection), Array)
#21 [internal function]: think\Server::think\{closure}(Object(Workerman\Connection\TcpConnection), Array)
#22 D:\Projects\ThinkWorker\thinkcore\lib\workerman\Connection\TcpConnection.php(632): call_user_func(Object(Closure), Object(Workerman\Connection\TcpConnection), Array)
#23 [internal function]: Workerman\Connection\TcpConnection->baseRead(Resource id #97)
#24 D:\Projects\ThinkWorker\thinkcore\lib\workerman\Events\Select.php(286): call_user_func_array(Array, Array)
#25 D:\Projects\ThinkWorker\thinkcore\lib\workerman\Worker.php(856): Workerman\Events\Select->loop()
#26 D:\Projects\ThinkWorker\thinkcore\lib\workerman\Worker.php(473): Workerman\Worker->run()
#27 D:\Projects\ThinkWorker\thinkcore\lib\workerman\Worker.php(382): Workerman\Worker::runAllWorkers()
#28 D:\Projects\ThinkWorker\thinkcore\lib\think\Server.php(105): Workerman\Worker::runAll()
#29 D:\Projects\ThinkWorker\thinkcore\base.php(80): think\Server::run()
#30 D:\Projects\ThinkWorker\thinkcore\start.php(10): require('D:\\Projects\\Thi...')
#31 D:\Projects\ThinkWorker\start.php(13): require('D:\\Projects\\Thi...')
#32 {main}

Next Illuminate\Database\QueryException: SQLSTATE[HY000] [2002] 由于目标计算机积极拒绝，无法连接。
 (SQL: select * from `user` where `id` = 1 limit 1) in D:\Projects\ThinkWorker\vendor\illuminate\database\Connection.php:664
Stack trace:
#0 D:\Projects\ThinkWorker\vendor\illuminate\database\Connection.php(624): Illuminate\Database\Connection->runQueryCallback('select * from `...', Array, Object(Closure))
#1 D:\Projects\ThinkWorker\vendor\illuminate\database\Connection.php(333): Illuminate\Database\Connection->run('select * from `...', Array, Object(Closure))
#2 D:\Projects\ThinkWorker\vendor\illuminate\database\Query\Builder.php(1705): Illuminate\Database\Connection->select('select * from `...', Array, true)
#3 D:\Projects\ThinkWorker\vendor\illuminate\database\Query\Builder.php(1690): Illuminate\Database\Query\Builder->runSelect()
#4 D:\Projects\ThinkWorker\vendor\illuminate\database\Concerns\BuildsQueries.php(77): Illuminate\Database\Query\Builder->get(Array)
#5 D:\Projects\ThinkWorker\vendor\illuminate\database\Query\Builder.php(1660): Illuminate\Database\Query\Builder->first(Array)
#6 D:\Projects\ThinkWorker\app\demo\controller\Index.php(35): Illuminate\Database\Query\Builder->find(1)
#7 D:\Projects\ThinkWorker\thinkcore\lib\think\Dispatcher.php(93): app\demo\controller\Index->hatest(Object(think\Request), Object(think\Response))
#8 D:\Projects\ThinkWorker\thinkcore\lib\think\Dispatcher.php(32): think\Dispatcher::toController(Object(app\demo\controller\Index), Object(think\Request), Object(think\Response))
#9 D:\Projects\ThinkWorker\thinkcore\lib\think\Server.php(88): think\Dispatcher::dispatch('demo/index/hate...', Object(think\Request), Object(think\Response))
#10 D:\Projects\ThinkWorker\thinkcore\lib\think\Server.php(61): think\Server::onMessage(Object(Workerman\Connection\TcpConnection), Array)
#11 [internal function]: think\Server::think\{closure}(Object(Workerman\Connection\TcpConnection), Array)
#12 D:\Projects\ThinkWorker\thinkcore\lib\workerman\Connection\TcpConnection.php(632): call_user_func(Object(Closure), Object(Workerman\Connection\TcpConnection), Array)
#13 [internal function]: Workerman\Connection\TcpConnection->baseRead(Resource id #97)
#14 D:\Projects\ThinkWorker\thinkcore\lib\workerman\Events\Select.php(286): call_user_func_array(Array, Array)
#15 D:\Projects\ThinkWorker\thinkcore\lib\workerman\Worker.php(856): Workerman\Events\Select->loop()
#16 D:\Projects\ThinkWorker\thinkcore\lib\workerman\Worker.php(473): Workerman\Worker->run()
#17 D:\Projects\ThinkWorker\thinkcore\lib\workerman\Worker.php(382): Workerman\Worker::runAllWorkers()
#18 D:\Projects\ThinkWorker\thinkcore\lib\think\Server.php(105): Workerman\Worker::runAll()
#19 D:\Projects\ThinkWorker\thinkcore\base.php(80): think\Server::run()
#20 D:\Projects\ThinkWorker\thinkcore\start.php(10): require('D:\\Projects\\Thi...')
#21 D:\Projects\ThinkWorker\start.php(13): require('D:\\Projects\\Thi...')
#22 {main}
2017-12-01 20:55:55 PDOException: SQLSTATE[HY000] [2002] 由于目标计算机积极拒绝，无法连接。
 in D:\Projects\ThinkWorker\vendor\illuminate\database\Connectors\Connector.php:67
Stack trace:
#0 D:\Projects\ThinkWorker\vendor\illuminate\database\Connectors\Connector.php(67): PDO->__construct('mysql:host=loca...', 'root', 'root', Array)
#1 D:\Projects\ThinkWorker\vendor\illuminate\database\Connectors\Connector.php(42): Illuminate\Database\Connectors\Connector->createPdoConnection('mysql:host=loca...', 'root', 'root', Array)
#2 D:\Projects\ThinkWorker\vendor\illuminate\database\Connectors\MySqlConnector.php(24): Illuminate\Database\Connectors\Connector->createConnection('mysql:host=loca...', Array, Array)
#3 D:\Projects\ThinkWorker\vendor\illuminate\database\Connectors\ConnectionFactory.php(183): Illuminate\Database\Connectors\MySqlConnector->connect(Array)
#4 [internal function]: Illuminate\Database\Connectors\ConnectionFactory->Illuminate\Database\Connectors\{closure}()
#5 D:\Projects\ThinkWorker\vendor\illuminate\database\Connection.php(915): call_user_func(Object(Closure))
#6 D:\Projects\ThinkWorker\vendor\illuminate\database\Connection.php(940): Illuminate\Database\Connection->getPdo()
#7 D:\Projects\ThinkWorker\vendor\illuminate\database\Connection.php(399): Illuminate\Database\Connection->getReadPdo()
#8 D:\Projects\ThinkWorker\vendor\illuminate\database\Connection.php(325): Illuminate\Database\Connection->getPdoForSelect(true)
#9 D:\Projects\ThinkWorker\vendor\illuminate\database\Connection.php(657): Illuminate\Database\Connection->Illuminate\Database\{closure}('select * from `...', Array)
#10 D:\Projects\ThinkWorker\vendor\illuminate\database\Connection.php(624): Illuminate\Database\Connection->runQueryCallback('select * from `...', Array, Object(Closure))
#11 D:\Projects\ThinkWorker\vendor\illuminate\database\Connection.php(333): Illuminate\Database\Connection->run('select * from `...', Array, Object(Closure))
#12 D:\Projects\ThinkWorker\vendor\illuminate\database\Query\Builder.php(1705): Illuminate\Database\Connection->select('select * from `...', Array, true)
#13 D:\Projects\ThinkWorker\vendor\illuminate\database\Query\Builder.php(1690): Illuminate\Database\Query\Builder->runSelect()
#14 D:\Projects\ThinkWorker\vendor\illuminate\database\Concerns\BuildsQueries.php(77): Illuminate\Database\Query\Builder->get(Array)
#15 D:\Projects\ThinkWorker\vendor\illuminate\database\Query\Builder.php(1660): Illuminate\Database\Query\Builder->first(Array)
#16 D:\Projects\ThinkWorker\app\demo\controller\Index.php(35): Illuminate\Database\Query\Builder->find(1)
#17 D:\Projects\ThinkWorker\thinkcore\lib\think\Dispatcher.php(93): app\demo\controller\Index->hatest(Object(think\Request), Object(think\Response))
#18 D:\Projects\ThinkWorker\thinkcore\lib\think\Dispatcher.php(32): think\Dispatcher::toController(Object(app\demo\controller\Index), Object(think\Request), Object(think\Response))
#19 D:\Projects\ThinkWorker\thinkcore\lib\think\Server.php(88): think\Dispatcher::dispatch('demo/index/hate...', Object(think\Request), Object(think\Response))
#20 D:\Projects\ThinkWorker\thinkcore\lib\think\Server.php(61): think\Server::onMessage(Object(Workerman\Connection\TcpConnection), Array)
#21 [internal function]: think\Server::think\{closure}(Object(Workerman\Connection\TcpConnection), Array)
#22 D:\Projects\ThinkWorker\thinkcore\lib\workerman\Connection\TcpConnection.php(632): call_user_func(Object(Closure), Object(Workerman\Connection\TcpConnection), Array)
#23 [internal function]: Workerman\Connection\TcpConnection->baseRead(Resource id #63)
#24 D:\Projects\ThinkWorker\thinkcore\lib\workerman\Events\Select.php(286): call_user_func_array(Array, Array)
#25 D:\Projects\ThinkWorker\thinkcore\lib\workerman\Worker.php(856): Workerman\Events\Select->loop()
#26 D:\Projects\ThinkWorker\thinkcore\lib\workerman\Worker.php(473): Workerman\Worker->run()
#27 D:\Projects\ThinkWorker\thinkcore\lib\workerman\Worker.php(382): Workerman\Worker::runAllWorkers()
#28 D:\Projects\ThinkWorker\thinkcore\lib\think\Server.php(105): Workerman\Worker::runAll()
#29 D:\Projects\ThinkWorker\thinkcore\base.php(80): think\Server::run()
#30 D:\Projects\ThinkWorker\thinkcore\start.php(10): require('D:\\Projects\\Thi...')
#31 D:\Projects\ThinkWorker\start.php(13): require('D:\\Projects\\Thi...')
#32 {main}

Next Illuminate\Database\QueryException: SQLSTATE[HY000] [2002] 由于目标计算机积极拒绝，无法连接。
 (SQL: select * from `user` where `id` = 1 limit 1) in D:\Projects\ThinkWorker\vendor\illuminate\database\Connection.php:664
Stack trace:
#0 D:\Projects\ThinkWorker\vendor\illuminate\database\Connection.php(624): Illuminate\Database\Connection->runQueryCallback('select * from `...', Array, Object(Closure))
#1 D:\Projects\ThinkWorker\vendor\illuminate\database\Connection.php(333): Illuminate\Database\Connection->run('select * from `...', Array, Object(Closure))
#2 D:\Projects\ThinkWorker\vendor\illuminate\database\Query\Builder.php(1705): Illuminate\Database\Connection->select('select * from `...', Array, true)
#3 D:\Projects\ThinkWorker\vendor\illuminate\database\Query\Builder.php(1690): Illuminate\Database\Query\Builder->runSelect()
#4 D:\Projects\ThinkWorker\vendor\illuminate\database\Concerns\BuildsQueries.php(77): Illuminate\Database\Query\Builder->get(Array)
#5 D:\Projects\ThinkWorker\vendor\illuminate\database\Query\Builder.php(1660): Illuminate\Database\Query\Builder->first(Array)
#6 D:\Projects\ThinkWorker\app\demo\controller\Index.php(35): Illuminate\Database\Query\Builder->find(1)
#7 D:\Projects\ThinkWorker\thinkcore\lib\think\Dispatcher.php(93): app\demo\controller\Index->hatest(Object(think\Request), Object(think\Response))
#8 D:\Projects\ThinkWorker\thinkcore\lib\think\Dispatcher.php(32): think\Dispatcher::toController(Object(app\demo\controller\Index), Object(think\Request), Object(think\Response))
#9 D:\Projects\ThinkWorker\thinkcore\lib\think\Server.php(88): think\Dispatcher::dispatch('demo/index/hate...', Object(think\Request), Object(think\Response))
#10 D:\Projects\ThinkWorker\thinkcore\lib\think\Server.php(61): think\Server::onMessage(Object(Workerman\Connection\TcpConnection), Array)
#11 [internal function]: think\Server::think\{closure}(Object(Workerman\Connection\TcpConnection), Array)
#12 D:\Projects\ThinkWorker\thinkcore\lib\workerman\Connection\TcpConnection.php(632): call_user_func(Object(Closure), Object(Workerman\Connection\TcpConnection), Array)
#13 [internal function]: Workerman\Connection\TcpConnection->baseRead(Resource id #63)
#14 D:\Projects\ThinkWorker\thinkcore\lib\workerman\Events\Select.php(286): call_user_func_array(Array, Array)
#15 D:\Projects\ThinkWorker\thinkcore\lib\workerman\Worker.php(856): Workerman\Events\Select->loop()
#16 D:\Projects\ThinkWorker\thinkcore\lib\workerman\Worker.php(473): Workerman\Worker->run()
#17 D:\Projects\ThinkWorker\thinkcore\lib\workerman\Worker.php(382): Workerman\Worker::runAllWorkers()
#18 D:\Projects\ThinkWorker\thinkcore\lib\think\Server.php(105): Workerman\Worker::runAll()
#19 D:\Projects\ThinkWorker\thinkcore\base.php(80): think\Server::run()
#20 D:\Projects\ThinkWorker\thinkcore\start.php(10): require('D:\\Projects\\Thi...')
#21 D:\Projects\ThinkWorker\start.php(13): require('D:\\Projects\\Thi...')
#22 {main}
2017-12-01 20:56:31 PDOException: SQLSTATE[HY000] [2002] 由于目标计算机积极拒绝，无法连接。
 in D:\Projects\ThinkWorker\vendor\illuminate\database\Connectors\Connector.php:67
Stack trace:
#0 D:\Projects\ThinkWorker\vendor\illuminate\database\Connectors\Connector.php(67): PDO->__construct('mysql:host=loca...', 'root', 'root', Array)
#1 D:\Projects\ThinkWorker\vendor\illuminate\database\Connectors\Connector.php(42): Illuminate\Database\Connectors\Connector->createPdoConnection('mysql:host=loca...', 'root', 'root', Array)
#2 D:\Projects\ThinkWorker\vendor\illuminate\database\Connectors\MySqlConnector.php(24): Illuminate\Database\Connectors\Connector->createConnection('mysql:host=loca...', Array, Array)
#3 D:\Projects\ThinkWorker\vendor\illuminate\database\Connectors\ConnectionFactory.php(183): Illuminate\Database\Connectors\MySqlConnector->connect(Array)
#4 [internal function]: Illuminate\Database\Connectors\ConnectionFactory->Illuminate\Database\Connectors\{closure}()
#5 D:\Projects\ThinkWorker\vendor\illuminate\database\Connection.php(915): call_user_func(Object(Closure))
#6 D:\Projects\ThinkWorker\vendor\illuminate\database\Connection.php(940): Illuminate\Database\Connection->getPdo()
#7 D:\Projects\ThinkWorker\vendor\illuminate\database\Connection.php(399): Illuminate\Database\Connection->getReadPdo()
#8 D:\Projects\ThinkWorker\vendor\illuminate\database\Connection.php(325): Illuminate\Database\Connection->getPdoForSelect(true)
#9 D:\Projects\ThinkWorker\vendor\illuminate\database\Connection.php(657): Illuminate\Database\Connection->Illuminate\Database\{closure}('select * from `...', Array)
#10 D:\Projects\ThinkWorker\vendor\illuminate\database\Connection.php(624): Illuminate\Database\Connection->runQueryCallback('select * from `...', Array, Object(Closure))
#11 D:\Projects\ThinkWorker\vendor\illuminate\database\Connection.php(333): Illuminate\Database\Connection->run('select * from `...', Array, Object(Closure))
#12 D:\Projects\ThinkWorker\vendor\illuminate\database\Query\Builder.php(1705): Illuminate\Database\Connection->select('select * from `...', Array, true)
#13 D:\Projects\ThinkWorker\vendor\illuminate\database\Query\Builder.php(1690): Illuminate\Database\Query\Builder->runSelect()
#14 D:\Projects\ThinkWorker\vendor\illuminate\database\Concerns\BuildsQueries.php(77): Illuminate\Database\Query\Builder->get(Array)
#15 D:\Projects\ThinkWorker\vendor\illuminate\database\Query\Builder.php(1660): Illuminate\Database\Query\Builder->first(Array)
#16 D:\Projects\ThinkWorker\app\demo\controller\Index.php(35): Illuminate\Database\Query\Builder->find(1)
#17 D:\Projects\ThinkWorker\thinkcore\lib\think\Dispatcher.php(93): app\demo\controller\Index->hatest(Object(think\Request), Object(think\Response))
#18 D:\Projects\ThinkWorker\thinkcore\lib\think\Dispatcher.php(32): think\Dispatcher::toController(Object(app\demo\controller\Index), Object(think\Request), Object(think\Response))
#19 D:\Projects\ThinkWorker\thinkcore\lib\think\Server.php(88): think\Dispatcher::dispatch('demo/index/hate...', Object(think\Request), Object(think\Response))
#20 D:\Projects\ThinkWorker\thinkcore\lib\think\Server.php(61): think\Server::onMessage(Object(Workerman\Connection\TcpConnection), Array)
#21 [internal function]: think\Server::think\{closure}(Object(Workerman\Connection\TcpConnection), Array)
#22 D:\Projects\ThinkWorker\thinkcore\lib\workerman\Connection\TcpConnection.php(632): call_user_func(Object(Closure), Object(Workerman\Connection\TcpConnection), Array)
#23 [internal function]: Workerman\Connection\TcpConnection->baseRead(Resource id #63)
#24 D:\Projects\ThinkWorker\thinkcore\lib\workerman\Events\Select.php(286): call_user_func_array(Array, Array)
#25 D:\Projects\ThinkWorker\thinkcore\lib\workerman\Worker.php(856): Workerman\Events\Select->loop()
#26 D:\Projects\ThinkWorker\thinkcore\lib\workerman\Worker.php(473): Workerman\Worker->run()
#27 D:\Projects\ThinkWorker\thinkcore\lib\workerman\Worker.php(382): Workerman\Worker::runAllWorkers()
#28 D:\Projects\ThinkWorker\thinkcore\lib\think\Server.php(105): Workerman\Worker::runAll()
#29 D:\Projects\ThinkWorker\thinkcore\base.php(80): think\Server::run()
#30 D:\Projects\ThinkWorker\thinkcore\start.php(10): require('D:\\Projects\\Thi...')
#31 D:\Projects\ThinkWorker\start.php(13): require('D:\\Projects\\Thi...')
#32 {main}

Next Illuminate\Database\QueryException: SQLSTATE[HY000] [2002] 由于目标计算机积极拒绝，无法连接。
 (SQL: select * from `user` where `id` = 1 limit 1) in D:\Projects\ThinkWorker\vendor\illuminate\database\Connection.php:664
Stack trace:
#0 D:\Projects\ThinkWorker\vendor\illuminate\database\Connection.php(624): Illuminate\Database\Connection->runQueryCallback('select * from `...', Array, Object(Closure))
#1 D:\Projects\ThinkWorker\vendor\illuminate\database\Connection.php(333): Illuminate\Database\Connection->run('select * from `...', Array, Object(Closure))
#2 D:\Projects\ThinkWorker\vendor\illuminate\database\Query\Builder.php(1705): Illuminate\Database\Connection->select('select * from `...', Array, true)
#3 D:\Projects\ThinkWorker\vendor\illuminate\database\Query\Builder.php(1690): Illuminate\Database\Query\Builder->runSelect()
#4 D:\Projects\ThinkWorker\vendor\illuminate\database\Concerns\BuildsQueries.php(77): Illuminate\Database\Query\Builder->get(Array)
#5 D:\Projects\ThinkWorker\vendor\illuminate\database\Query\Builder.php(1660): Illuminate\Database\Query\Builder->first(Array)
#6 D:\Projects\ThinkWorker\app\demo\controller\Index.php(35): Illuminate\Database\Query\Builder->find(1)
#7 D:\Projects\ThinkWorker\thinkcore\lib\think\Dispatcher.php(93): app\demo\controller\Index->hatest(Object(think\Request), Object(think\Response))
#8 D:\Projects\ThinkWorker\thinkcore\lib\think\Dispatcher.php(32): think\Dispatcher::toController(Object(app\demo\controller\Index), Object(think\Request), Object(think\Response))
#9 D:\Projects\ThinkWorker\thinkcore\lib\think\Server.php(88): think\Dispatcher::dispatch('demo/index/hate...', Object(think\Request), Object(think\Response))
#10 D:\Projects\ThinkWorker\thinkcore\lib\think\Server.php(61): think\Server::onMessage(Object(Workerman\Connection\TcpConnection), Array)
#11 [internal function]: think\Server::think\{closure}(Object(Workerman\Connection\TcpConnection), Array)
#12 D:\Projects\ThinkWorker\thinkcore\lib\workerman\Connection\TcpConnection.php(632): call_user_func(Object(Closure), Object(Workerman\Connection\TcpConnection), Array)
#13 [internal function]: Workerman\Connection\TcpConnection->baseRead(Resource id #63)
#14 D:\Projects\ThinkWorker\thinkcore\lib\workerman\Events\Select.php(286): call_user_func_array(Array, Array)
#15 D:\Projects\ThinkWorker\thinkcore\lib\workerman\Worker.php(856): Workerman\Events\Select->loop()
#16 D:\Projects\ThinkWorker\thinkcore\lib\workerman\Worker.php(473): Workerman\Worker->run()
#17 D:\Projects\ThinkWorker\thinkcore\lib\workerman\Worker.php(382): Workerman\Worker::runAllWorkers()
#18 D:\Projects\ThinkWorker\thinkcore\lib\think\Server.php(105): Workerman\Worker::runAll()
#19 D:\Projects\ThinkWorker\thinkcore\base.php(80): think\Server::run()
#20 D:\Projects\ThinkWorker\thinkcore\start.php(10): require('D:\\Projects\\Thi...')
#21 D:\Projects\ThinkWorker\start.php(13): require('D:\\Projects\\Thi...')
#22 {main}
2017-12-03 00:40:33  --> Smarty: Unable to load template 'file:samedir.html' <-- 
2017-12-03 00:40:41  --> Smarty: Unable to load template 'file:samedir.html' <-- 
2017-12-03 00:42:16  --> Smarty: Unable to load template 'file:Indexsamedir.html' <-- 
2017-12-03 00:43:37  --> Smarty: Unable to load template 'file:[index]hello' <-- 
2017-12-03 02:44:14 Error: Cannot access protected property Error::$code in D:\Projects\ThinkWorker\thinkworker\lib\think\exception\HttpException.php:64
Stack trace:
#0 D:\Projects\ThinkWorker\thinkworker\lib\think\exception\ControllerException.php(20): think\exception\HttpException->formTracingTable()
#1 D:\Projects\ThinkWorker\thinkworker\lib\think\Dispatcher.php(102): think\exception\ControllerException->__construct(Object(Error), 'demo/index', 'index')
#2 D:\Projects\ThinkWorker\thinkworker\lib\think\Dispatcher.php(34): think\Dispatcher::toController(Object(app\demo\controller\Index), Object(think\Request), Object(think\Response))
#3 D:\Projects\ThinkWorker\thinkworker\lib\think\Server.php(89): think\Dispatcher::dispatch('demo/index/inde...', Object(think\Request), Object(think\Response))
#4 D:\Projects\ThinkWorker\thinkworker\lib\think\Server.php(62): think\Server::onMessage(Object(Workerman\Connection\TcpConnection), Array)
#5 [internal function]: think\Server::think\{closure}(Object(Workerman\Connection\TcpConnection), Array)
#6 D:\Projects\ThinkWorker\thinkworker\lib\workerman\Connection\TcpConnection.php(632): call_user_func(Object(Closure), Object(Workerman\Connection\TcpConnection), Array)
#7 [internal function]: Workerman\Connection\TcpConnection->baseRead(Resource id #63)
#8 D:\Projects\ThinkWorker\thinkworker\lib\workerman\Events\Select.php(286): call_user_func_array(Array, Array)
#9 D:\Projects\ThinkWorker\thinkworker\lib\workerman\Worker.php(856): Workerman\Events\Select->loop()
#10 D:\Projects\ThinkWorker\thinkworker\lib\workerman\Worker.php(473): Workerman\Worker->run()
#11 D:\Projects\ThinkWorker\thinkworker\lib\workerman\Worker.php(382): Workerman\Worker::runAllWorkers()
#12 D:\Projects\ThinkWorker\thinkworker\lib\think\Server.php(112): Workerman\Worker::runAll()
#13 D:\Projects\ThinkWorker\thinkworker\base.php(80): think\Server::run()
#14 D:\Projects\ThinkWorker\thinkworker\start.php(10): require('D:\\Projects\\Thi...')
#15 D:\Projects\ThinkWorker\start.php(13): require('D:\\Projects\\Thi...')
#16 {main}
2017-12-03 15:36:41 Error: Call to a member function getFile() on string in D:\Projects\ThinkWorker\thinkworker\lib\think\exception\HttpException.php:61
Stack trace:
#0 D:\Projects\ThinkWorker\thinkworker\lib\think\exception\DbException.php(35): think\exception\HttpException->formErrorPos()
#1 D:\Projects\ThinkWorker\thinkworker\lib\think\exception\DbException.php(24): think\exception\DbException->getDebugHttpBody()
#2 D:\Projects\ThinkWorker\thinkworker\lib\think\Dispatcher.php(103): think\exception\DbException->__construct('demo/Index', 'index')
#3 D:\Projects\ThinkWorker\thinkworker\lib\think\Dispatcher.php(34): think\Dispatcher::toController(Object(app\demo\controller\Index), Object(think\Request), Object(think\Response))
#4 D:\Projects\ThinkWorker\thinkworker\lib\think\Server.php(96): think\Dispatcher::dispatch('demo/index/inde...', Object(think\Request), Object(think\Response))
#5 D:\Projects\ThinkWorker\thinkworker\lib\think\Server.php(62): think\Server::onMessage(Object(Workerman\Connection\TcpConnection), Array)
#6 [internal function]: think\Server::think\{closure}(Object(Workerman\Connection\TcpConnection), Array)
#7 D:\Projects\ThinkWorker\thinkworker\lib\workerman\Connection\TcpConnection.php(632): call_user_func(Object(Closure), Object(Workerman\Connection\TcpConnection), Array)
#8 [internal function]: Workerman\Connection\TcpConnection->baseRead(Resource id #63)
#9 D:\Projects\ThinkWorker\thinkworker\lib\workerman\Events\Select.php(286): call_user_func_array(Array, Array)
#10 D:\Projects\ThinkWorker\thinkworker\lib\workerman\Worker.php(856): Workerman\Events\Select->loop()
#11 D:\Projects\ThinkWorker\thinkworker\lib\workerman\Worker.php(473): Workerman\Worker->run()
#12 D:\Projects\ThinkWorker\thinkworker\lib\workerman\Worker.php(382): Workerman\Worker::runAllWorkers()
#13 D:\Projects\ThinkWorker\thinkworker\lib\think\Server.php(119): Workerman\Worker::runAll()
#14 D:\Projects\ThinkWorker\thinkworker\base.php(77): think\Server::run()
#15 D:\Projects\ThinkWorker\thinkworker\start.php(10): require('D:\\Projects\\Thi...')
#16 D:\Projects\ThinkWorker\start.php(13): require('D:\\Projects\\Thi...')
#17 {main}
