16:19:35 - [ error ] [ HttpException ] D:\Projects\ThinkWorker\thinkworker\lib\think\Route.php(52): Uri Not Matched: /favicon.ico
#0 D:\Projects\ThinkWorker\thinkworker\lib\think\Server.php(93): think\Route::match(Object(think\Request))
#1 D:\Projects\ThinkWorker\thinkworker\lib\think\Server.php(62): think\Server::onMessage(Object(Workerman\Connection\TcpConnection), Array)
#2 [internal function]: think\Server::think\{closure}(Object(Workerman\Connection\TcpConnection), Array)
#3 D:\Projects\ThinkWorker\thinkworker\lib\workerman\Connection\TcpConnection.php(632): call_user_func(Object(Closure), Object(Workerman\Connection\TcpConnection), Array)
#4 [internal function]: Workerman\Connection\TcpConnection->baseRead(Resource id #63)
#5 D:\Projects\ThinkWorker\thinkworker\lib\workerman\Events\Select.php(286): call_user_func_array(Array, Array)
#6 D:\Projects\ThinkWorker\thinkworker\lib\workerman\Worker.php(856): Workerman\Events\Select->loop()
#7 D:\Projects\ThinkWorker\thinkworker\lib\workerman\Worker.php(473): Workerman\Worker->run()
#8 D:\Projects\ThinkWorker\thinkworker\lib\workerman\Worker.php(382): Workerman\Worker::runAllWorkers()
#9 D:\Projects\ThinkWorker\thinkworker\lib\think\Server.php(119): Workerman\Worker::runAll()
#10 D:\Projects\ThinkWorker\thinkworker\base.php(77): think\Server::run()
#11 D:\Projects\ThinkWorker\thinkworker\start.php(10): require('D:\\Projects\\Thi...')
#12 D:\Projects\ThinkWorker\start.php(13): require('D:\\Projects\\Thi...')
#13 {main}
17:13:09 - [ error ] [ HttpException ] D:\Projects\ThinkWorker\thinkworker\lib\think\Route.php(45): 
#0 D:\Projects\ThinkWorker\thinkworker\lib\think\Server.php(93): think\Route::match(Object(think\Request))
#1 D:\Projects\ThinkWorker\thinkworker\lib\think\Server.php(62): think\Server::onMessage(Object(Workerman\Connection\TcpConnection), Array)
#2 [internal function]: think\Server::think\{closure}(Object(Workerman\Connection\TcpConnection), Array)
#3 D:\Projects\ThinkWorker\thinkworker\lib\workerman\Connection\TcpConnection.php(632): call_user_func(Object(Closure), Object(Workerman\Connection\TcpConnection), Array)
#4 [internal function]: Workerman\Connection\TcpConnection->baseRead(Resource id #84)
#5 D:\Projects\ThinkWorker\thinkworker\lib\workerman\Events\Select.php(286): call_user_func_array(Array, Array)
#6 D:\Projects\ThinkWorker\thinkworker\lib\workerman\Worker.php(856): Workerman\Events\Select->loop()
#7 D:\Projects\ThinkWorker\thinkworker\lib\workerman\Worker.php(473): Workerman\Worker->run()
#8 D:\Projects\ThinkWorker\thinkworker\lib\workerman\Worker.php(382): Workerman\Worker::runAllWorkers()
#9 D:\Projects\ThinkWorker\thinkworker\lib\think\Server.php(119): Workerman\Worker::runAll()
#10 D:\Projects\ThinkWorker\thinkworker\base.php(77): think\Server::run()
#11 D:\Projects\ThinkWorker\thinkworker\start.php(10): require('D:\\Projects\\Thi...')
#12 D:\Projects\ThinkWorker\start.php(13): require('D:\\Projects\\Thi...')
#13 {main}
